#
# There is insufficient memory for the Java Runtime Environment to continue.
# Native memory allocation (malloc) failed to allocate 569296 bytes. Error detail: Chunk::new
# Possible reasons:
#   The system is out of physical RAM or swap space
#   This process is running with CompressedOops enabled, and the Java Heap may be blocking the growth of the native heap
# Possible solutions:
#   Reduce memory load on the system
#   Increase physical memory or swap space
#   Check if swap backing store is full
#   Decrease Java heap size (-Xmx/-Xms)
#   Decrease number of Java threads
#   Decrease Java thread stack sizes (-Xss)
#   Set larger code cache with -XX:ReservedCodeCacheSize=
#   JVM is running with Unscaled Compressed Oops mode in which the Java heap is
#     placed in the first 4GB address space. The Java Heap base address is the
#     maximum limit for the native heap growth. Please use -XX:HeapBaseMinAddress
#     to set the Java Heap base and to place the Java Heap above 4GB virtual address.
# This output file may be truncated or incomplete.
#
#  Out of Memory Error (arena.cpp:191), pid=18344, tid=17612
#
# JRE version: OpenJDK Runtime Environment Temurin-17.0.11+9 (17.0.11+9) (build 17.0.11+9)
# Java VM: OpenJDK 64-Bit Server VM Temurin-17.0.11+9 (17.0.11+9, mixed mode, tiered, compressed oops, compressed class ptrs, parallel gc, windows-amd64)
# No core dump will be written. Minidumps are not enabled by default on client versions of Windows
#

---------------  S U M M A R Y ------------

Command Line: --add-modules=ALL-SYSTEM --add-opens=java.base/java.util=ALL-UNNAMED --add-opens=java.base/java.lang=ALL-UNNAMED --add-opens=java.base/sun.nio.fs=ALL-UNNAMED -Declipse.application=org.eclipse.jdt.ls.core.id1 -Dosgi.bundles.defaultStartLevel=4 -Declipse.product=org.eclipse.jdt.ls.core.product -Djava.import.generatesMetadataFilesAtProjectRoot=false -DDetectVMInstallationsJob.disabled=true -Dfile.encoding=utf8 -XX:+UseParallelGC -XX:GCTimeRatio=4 -XX:AdaptiveSizePolicyWeight=90 -Dsun.zip.disableMemoryMapping=true -Xmx1G -Xms100m -Xlog:disable -javaagent:c:\Users\lyosh\.vscode\extensions\redhat.java-1.33.0-win32-x64\lombok\lombok-1.18.33.jar -XX:+HeapDumpOnOutOfMemoryError -XX:HeapDumpPath=c:\Users\lyosh\AppData\Roaming\Code\User\workspaceStorage\9ae529f7922525ee11f4f1f325ca8c05\redhat.java -Daether.dependencyCollector.impl=bf c:\Users\lyosh\.vscode\extensions\redhat.java-1.33.0-win32-x64\server\plugins\org.eclipse.equinox.launcher_1.6.900.v20240613-2009.jar -configuration c:\Users\lyosh\AppData\Roaming\Code\User\globalStorage\redhat.java\1.33.0\config_win -data c:\Users\lyosh\AppData\Roaming\Code\User\workspaceStorage\9ae529f7922525ee11f4f1f325ca8c05\redhat.java\jdt_ws --pipe=\\.\pipe\lsp-478f5d1acdc7fbba85fa11b43ffbffd6-sock

Host: Intel(R) Core(TM) i5-10300H CPU @ 2.50GHz, 8 cores, 7G,  Windows 11 , 64 bit Build 22621 (10.0.22621.3958)
Time: Sun Aug 25 17:27:45 2024 Hora oficial do Brasil elapsed time: 3.911737 seconds (0d 0h 0m 3s)

---------------  T H R E A D  ---------------

Current thread (0x00000103843a4240):  JavaThread "C2 CompilerThread0" daemon [_thread_in_native, id=17612, stack(0x0000000389900000,0x0000000389a00000)]


Current CompileTask:
C2:   3911 1488       4       java.io.WinNTFileSystem::normalize (143 bytes)

Stack: [0x0000000389900000,0x0000000389a00000]
Native frames: (J=compiled Java code, j=interpreted, Vv=VM code, C=native code)
V  [jvm.dll+0x67d429]
V  [jvm.dll+0x834b7a]
V  [jvm.dll+0x83663e]
V  [jvm.dll+0x836ca3]
V  [jvm.dll+0x247dbf]
V  [jvm.dll+0xac534]
V  [jvm.dll+0xacb7c]
V  [jvm.dll+0x3665f2]
V  [jvm.dll+0x1bd272]
V  [jvm.dll+0x21a5c9]
V  [jvm.dll+0x2198b1]
V  [jvm.dll+0x1a534d]
V  [jvm.dll+0x2295cd]
V  [jvm.dll+0x22779c]
V  [jvm.dll+0x7e9d07]
V  [jvm.dll+0x7e410a]
V  [jvm.dll+0x67c315]
C  [ucrtbase.dll+0x29333]
C  [KERNEL32.DLL+0x1257d]
C  [ntdll.dll+0x5af28]


---------------  P R O C E S S  ---------------

Threads class SMR info:
_java_thread_list=0x0000010385cc5ee0, length=13, elements={
0x00000103e94e3150, 0x00000103ff2b4250, 0x00000103ff2b84e0, 0x000001038439c980,
0x000001038439d450, 0x000001038439e6c0, 0x00000103843a2850, 0x00000103843a4240,
0x00000103844090b0, 0x0000010384409d70, 0x000001038446e4d0, 0x00000103846eca90,
0x0000010385b9e6b0
}

Java Threads: ( => current thread )
  0x00000103e94e3150 JavaThread "main" [_thread_in_native, id=18164, stack(0x0000000389000000,0x0000000389100000)]
  0x00000103ff2b4250 JavaThread "Reference Handler" daemon [_thread_blocked, id=17760, stack(0x0000000389300000,0x0000000389400000)]
  0x00000103ff2b84e0 JavaThread "Finalizer" daemon [_thread_blocked, id=17508, stack(0x0000000389400000,0x0000000389500000)]
  0x000001038439c980 JavaThread "Signal Dispatcher" daemon [_thread_blocked, id=17812, stack(0x0000000389500000,0x0000000389600000)]
  0x000001038439d450 JavaThread "Attach Listener" daemon [_thread_blocked, id=6024, stack(0x0000000389600000,0x0000000389700000)]
  0x000001038439e6c0 JavaThread "Service Thread" daemon [_thread_blocked, id=17516, stack(0x0000000389700000,0x0000000389800000)]
  0x00000103843a2850 JavaThread "Monitor Deflation Thread" daemon [_thread_blocked, id=18124, stack(0x0000000389800000,0x0000000389900000)]
=>0x00000103843a4240 JavaThread "C2 CompilerThread0" daemon [_thread_in_native, id=17612, stack(0x0000000389900000,0x0000000389a00000)]
  0x00000103844090b0 JavaThread "C1 CompilerThread0" daemon [_thread_blocked, id=17848, stack(0x0000000389a00000,0x0000000389b00000)]
  0x0000010384409d70 JavaThread "Sweeper thread" daemon [_thread_blocked, id=16668, stack(0x0000000389b00000,0x0000000389c00000)]
  0x000001038446e4d0 JavaThread "Common-Cleaner" daemon [_thread_blocked, id=14948, stack(0x0000000389c00000,0x0000000389d00000)]
  0x00000103846eca90 JavaThread "Notification Thread" daemon [_thread_blocked, id=18212, stack(0x0000000389d00000,0x0000000389e00000)]
  0x0000010385b9e6b0 JavaThread "Active Thread: Equinox Container: a8f5a7fc-5b4a-4afc-9073-a767c072e78b" [_thread_blocked, id=18028, stack(0x000000038a500000,0x000000038a600000)]

Other Threads:
  0x00000103843714b0 VMThread "VM Thread" [stack: 0x0000000389200000,0x0000000389300000] [id=17640]
  0x00000103855d2de0 WatcherThread [stack: 0x0000000389e00000,0x0000000389f00000] [id=16540]
  0x00000103e94f6530 GCTaskThread "GC Thread#0" [stack: 0x0000000389100000,0x0000000389200000] [id=17708]
  0x0000010385a6cf00 GCTaskThread "GC Thread#1" [stack: 0x0000000389f00000,0x000000038a000000] [id=17876]
  0x00000103858731a0 GCTaskThread "GC Thread#2" [stack: 0x000000038a000000,0x000000038a100000] [id=17908]
  0x0000010385873460 GCTaskThread "GC Thread#3" [stack: 0x000000038a100000,0x000000038a200000] [id=17840]
  0x0000010385a84980 GCTaskThread "GC Thread#4" [stack: 0x000000038a200000,0x000000038a300000] [id=12480]
  0x0000010385a84c40 GCTaskThread "GC Thread#5" [stack: 0x000000038a300000,0x000000038a400000] [id=17560]
  0x0000010385a84f00 GCTaskThread "GC Thread#6" [stack: 0x000000038a400000,0x000000038a500000] [id=17524]

Threads with active compile tasks:
C2 CompilerThread0     3937 1488       4       java.io.WinNTFileSystem::normalize (143 bytes)

VM state: not at safepoint (normal execution)

VM Mutex/Monitor currently owned by a thread: None

Heap address: 0x00000000c0000000, size: 1024 MB, Compressed Oops mode: 32-bit

CDS archive(s) not mapped
Compressed class space mapped at: 0x0000000100000000-0x0000000140000000, reserved size: 1073741824
Narrow klass base: 0x0000000000000000, Narrow klass shift: 3, Narrow klass range: 0x140000000

GC Precious Log:
 CPUs: 8 total, 8 available
 Memory: 8059M
 Large Page Support: Disabled
 NUMA Support: Disabled
 Compressed Oops: Enabled (32-bit)
 Alignments: Space 512K, Generation 512K, Heap 2M
 Heap Min Capacity: 100M
 Heap Initial Capacity: 100M
 Heap Max Capacity: 1G
 Pre-touch: Disabled
 Parallel Workers: 8

Heap:
 PSYoungGen      total 29696K, used 24411K [0x00000000eab00000, 0x00000000ecc00000, 0x0000000100000000)
  eden space 25600K, 83% used [0x00000000eab00000,0x00000000ebfc5ca8,0x00000000ec400000)
  from space 4096K, 76% used [0x00000000ec400000,0x00000000ec7112e0,0x00000000ec800000)
  to   space 4096K, 0% used [0x00000000ec800000,0x00000000ec800000,0x00000000ecc00000)
 ParOldGen       total 68608K, used 0K [0x00000000c0000000, 0x00000000c4300000, 0x00000000eab00000)
  object space 68608K, 0% used [0x00000000c0000000,0x00000000c0000000,0x00000000c4300000)
 Metaspace       used 13790K, committed 14016K, reserved 1114112K
  class space    used 1363K, committed 1472K, reserved 1048576K

Card table byte_map: [0x00000103fcb50000,0x00000103fcd60000] _byte_map_base: 0x00000103fc550000

Marking Bits: (ParMarkBitMap*) 0x00007ff9da24d820
 Begin Bits: [0x00000103fcec0000, 0x00000103fdec0000)
 End Bits:   [0x00000103fdec0000, 0x00000103feec0000)

Polling page: 0x00000103e9590000

Metaspace:

Usage:
  Non-class:     12.14 MB used.
      Class:      1.33 MB used.
       Both:     13.47 MB used.

Virtual space:
  Non-class space:       64.00 MB reserved,      12.25 MB ( 19%) committed,  1 nodes.
      Class space:        1.00 GB reserved,       1.44 MB ( <1%) committed,  1 nodes.
             Both:        1.06 GB reserved,      13.69 MB (  1%) committed. 

Chunk freelists:
   Non-Class:  3.34 MB
       Class:  14.48 MB
        Both:  17.83 MB

MaxMetaspaceSize: unlimited
CompressedClassSpaceSize: 1.00 GB
Initial GC threshold: 21.00 MB
Current GC threshold: 21.00 MB
CDS: off
MetaspaceReclaimPolicy: balanced
 - commit_granule_bytes: 65536.
 - commit_granule_words: 8192.
 - virtual_space_node_default_size: 8388608.
 - enlarge_chunks_in_place: 1.
 - new_chunks_are_fully_committed: 0.
 - uncommit_free_chunks: 1.
 - use_allocation_guard: 0.
 - handle_deallocations: 1.


Internal statistics:

num_allocs_failed_limit: 0.
num_arena_births: 56.
num_arena_deaths: 0.
num_vsnodes_births: 2.
num_vsnodes_deaths: 0.
num_space_committed: 219.
num_space_uncommitted: 0.
num_chunks_returned_to_freelist: 0.
num_chunks_taken_from_freelist: 220.
num_chunk_merges: 0.
num_chunk_splits: 147.
num_chunks_enlarged: 121.
num_inconsistent_stats: 0.

CodeHeap 'non-profiled nmethods': size=120000Kb used=614Kb max_used=614Kb free=119385Kb
 bounds [0x00000103f5440000, 0x00000103f56b0000, 0x00000103fc970000]
CodeHeap 'profiled nmethods': size=120000Kb used=2755Kb max_used=2755Kb free=117244Kb
 bounds [0x00000103ed970000, 0x00000103edc30000, 0x00000103f4ea0000]
CodeHeap 'non-nmethods': size=5760Kb used=1159Kb max_used=1182Kb free=4600Kb
 bounds [0x00000103f4ea0000, 0x00000103f5110000, 0x00000103f5440000]
 total_blobs=1944 nmethods=1494 adapters=364
 compilation: enabled
              stopped_count=0, restarted_count=0
 full_count=0

Compilation events (20 events):
Event: 3.384 Thread 0x00000103843a4240 nmethod 1484% 0x00000103f54d7610 code [0x00000103f54d7800, 0x00000103f54d8a98]
Event: 3.469 Thread 0x00000103843a4240 1487       4       java.lang.StringLatin1::inflate (34 bytes)
Event: 3.473 Thread 0x00000103843a4240 nmethod 1487 0x00000103f54d9410 code [0x00000103f54d9580, 0x00000103f54d9838]
Event: 3.834 Thread 0x00000103843a4240 1488       4       java.io.WinNTFileSystem::normalize (143 bytes)
Event: 3.835 Thread 0x00000103844090b0 1489       3       org.eclipse.osgi.framework.util.SecureAction::getProperty (31 bytes)
Event: 3.835 Thread 0x00000103844090b0 nmethod 1489 0x00000103edc1bd10 code [0x00000103edc1bfa0, 0x00000103edc1ca18]
Event: 3.837 Thread 0x00000103844090b0 1490       3       java.net.URL::isBuiltinStreamHandler (32 bytes)
Event: 3.838 Thread 0x00000103844090b0 nmethod 1490 0x00000103edc1cd90 code [0x00000103edc1d080, 0x00000103edc1e118]
Event: 3.838 Thread 0x00000103844090b0 1491       3       java.net.URL::isBuiltinStreamHandler (7 bytes)
Event: 3.838 Thread 0x00000103844090b0 nmethod 1491 0x00000103edc1e710 code [0x00000103edc1e8c0, 0x00000103edc1ea88]
Event: 3.838 Thread 0x00000103844090b0 1493       3       java.lang.ThreadLocal::getMap (5 bytes)
Event: 3.838 Thread 0x00000103844090b0 nmethod 1493 0x00000103edc1eb90 code [0x00000103edc1ed20, 0x00000103edc1ee38]
Event: 3.849 Thread 0x00000103844090b0 1494       3       org.eclipse.osgi.internal.framework.EquinoxConfiguration$ConfigValues::internalGet (24 bytes)
Event: 3.850 Thread 0x00000103844090b0 nmethod 1494 0x00000103edc1ef10 code [0x00000103edc1f1c0, 0x00000103edc1fde8]
Event: 3.860 Thread 0x00000103844090b0 1495       3       java.io.File::isAbsolute (8 bytes)
Event: 3.860 Thread 0x00000103844090b0 nmethod 1495 0x00000103edc20210 code [0x00000103edc203c0, 0x00000103edc20528]
Event: 3.863 Thread 0x00000103844090b0 1496       3       java.lang.ThreadLocal::get (38 bytes)
Event: 3.863 Thread 0x00000103844090b0 nmethod 1496 0x00000103edc20610 code [0x00000103edc207e0, 0x00000103edc20b18]
Event: 3.868 Thread 0x00000103844090b0 1499       3       java.util.Collections::emptyIterator (4 bytes)
Event: 3.868 Thread 0x00000103844090b0 nmethod 1499 0x00000103edc20c90 code [0x00000103edc20e20, 0x00000103edc20f18]

GC Heap History (2 events):
Event: 1.756 GC heap before
{Heap before GC invocations=1 (full 0):
 PSYoungGen      total 29696K, used 25600K [0x00000000eab00000, 0x00000000ecc00000, 0x0000000100000000)
  eden space 25600K, 100% used [0x00000000eab00000,0x00000000ec400000,0x00000000ec400000)
  from space 4096K, 0% used [0x00000000ec800000,0x00000000ec800000,0x00000000ecc00000)
  to   space 4096K, 0% used [0x00000000ec400000,0x00000000ec400000,0x00000000ec800000)
 ParOldGen       total 68608K, used 0K [0x00000000c0000000, 0x00000000c4300000, 0x00000000eab00000)
  object space 68608K, 0% used [0x00000000c0000000,0x00000000c0000000,0x00000000c4300000)
 Metaspace       used 10981K, committed 11200K, reserved 1114112K
  class space    used 1093K, committed 1216K, reserved 1048576K
}
Event: 1.780 GC heap after
{Heap after GC invocations=1 (full 0):
 PSYoungGen      total 29696K, used 3140K [0x00000000eab00000, 0x00000000ecc00000, 0x0000000100000000)
  eden space 25600K, 0% used [0x00000000eab00000,0x00000000eab00000,0x00000000ec400000)
  from space 4096K, 76% used [0x00000000ec400000,0x00000000ec7112e0,0x00000000ec800000)
  to   space 4096K, 0% used [0x00000000ec800000,0x00000000ec800000,0x00000000ecc00000)
 ParOldGen       total 68608K, used 0K [0x00000000c0000000, 0x00000000c4300000, 0x00000000eab00000)
  object space 68608K, 0% used [0x00000000c0000000,0x00000000c0000000,0x00000000c4300000)
 Metaspace       used 10981K, committed 11200K, reserved 1114112K
  class space    used 1093K, committed 1216K, reserved 1048576K
}

Dll operation events (8 events):
Event: 0.010 Loaded shared library c:\Users\lyosh\.vscode\extensions\redhat.java-1.33.0-win32-x64\jre\17.0.11-win32-x86_64\bin\java.dll
Event: 0.491 Loaded shared library c:\Users\lyosh\.vscode\extensions\redhat.java-1.33.0-win32-x64\jre\17.0.11-win32-x86_64\bin\zip.dll
Event: 0.498 Loaded shared library C:\Users\lyosh\.vscode\extensions\redhat.java-1.33.0-win32-x64\jre\17.0.11-win32-x86_64\bin\instrument.dll
Event: 0.518 Loaded shared library C:\Users\lyosh\.vscode\extensions\redhat.java-1.33.0-win32-x64\jre\17.0.11-win32-x86_64\bin\net.dll
Event: 0.520 Loaded shared library C:\Users\lyosh\.vscode\extensions\redhat.java-1.33.0-win32-x64\jre\17.0.11-win32-x86_64\bin\nio.dll
Event: 0.541 Loaded shared library C:\Users\lyosh\.vscode\extensions\redhat.java-1.33.0-win32-x64\jre\17.0.11-win32-x86_64\bin\zip.dll
Event: 0.559 Loaded shared library C:\Users\lyosh\.vscode\extensions\redhat.java-1.33.0-win32-x64\jre\17.0.11-win32-x86_64\bin\jimage.dll
Event: 0.648 Loaded shared library c:\Users\lyosh\.vscode\extensions\redhat.java-1.33.0-win32-x64\jre\17.0.11-win32-x86_64\bin\verify.dll

Deoptimization events (20 events):
Event: 2.431 Thread 0x00000103e94e3150 DEOPT PACKING pc=0x00000103f54a7494 sp=0x00000003890fdce0
Event: 2.431 Thread 0x00000103e94e3150 DEOPT UNPACKING pc=0x00000103f4ef66a3 sp=0x00000003890fdc08 mode 2
Event: 2.433 Thread 0x00000103e94e3150 Uncommon trap: trap_request=0xffffffde fr.pc=0x00000103f54a7494 relative=0x00000000000009d4
Event: 2.433 Thread 0x00000103e94e3150 Uncommon trap: reason=class_check action=maybe_recompile pc=0x00000103f54a7494 method=java.util.HashMap.putVal(ILjava/lang/Object;Ljava/lang/Object;ZZ)Ljava/lang/Object; @ 253 c2
Event: 2.433 Thread 0x00000103e94e3150 DEOPT PACKING pc=0x00000103f54a7494 sp=0x00000003890fdce0
Event: 2.433 Thread 0x00000103e94e3150 DEOPT UNPACKING pc=0x00000103f4ef66a3 sp=0x00000003890fdc08 mode 2
Event: 2.477 Thread 0x00000103e94e3150 DEOPT PACKING pc=0x00000103eda89938 sp=0x00000003890fc270
Event: 2.477 Thread 0x00000103e94e3150 DEOPT UNPACKING pc=0x00000103f4ef6e43 sp=0x00000003890fb6f0 mode 0
Event: 2.479 Thread 0x00000103e94e3150 DEOPT PACKING pc=0x00000103eda8ee61 sp=0x00000003890fc6b0
Event: 2.479 Thread 0x00000103e94e3150 DEOPT UNPACKING pc=0x00000103f4ef6e43 sp=0x00000003890fbb38 mode 0
Event: 2.479 Thread 0x00000103e94e3150 DEOPT PACKING pc=0x00000103eda89938 sp=0x00000003890fc1d0
Event: 2.479 Thread 0x00000103e94e3150 DEOPT UNPACKING pc=0x00000103f4ef6e43 sp=0x00000003890fb650 mode 0
Event: 2.480 Thread 0x00000103e94e3150 Uncommon trap: trap_request=0xffffff45 fr.pc=0x00000103f547cf3c relative=0x000000000000011c
Event: 2.480 Thread 0x00000103e94e3150 Uncommon trap: reason=unstable_if action=reinterpret pc=0x00000103f547cf3c method=java.math.BigInteger.addOne([IIII)I @ 55 c2
Event: 2.480 Thread 0x00000103e94e3150 DEOPT PACKING pc=0x00000103f547cf3c sp=0x00000003890fc500
Event: 2.480 Thread 0x00000103e94e3150 DEOPT UNPACKING pc=0x00000103f4ef66a3 sp=0x00000003890fc480 mode 2
Event: 2.480 Thread 0x00000103e94e3150 DEOPT PACKING pc=0x00000103eda89938 sp=0x00000003890fc4c0
Event: 2.480 Thread 0x00000103e94e3150 DEOPT UNPACKING pc=0x00000103f4ef6e43 sp=0x00000003890fb940 mode 0
Event: 3.866 Thread 0x00000103e94e3150 DEOPT PACKING pc=0x00000103eda576c3 sp=0x00000003890fe2d0
Event: 3.866 Thread 0x00000103e94e3150 DEOPT UNPACKING pc=0x00000103f4ef6e43 sp=0x00000003890fd7f0 mode 0

Classes unloaded (0 events):
No events

Classes redefined (0 events):
No events

Internal exceptions (20 events):
Event: 0.682 Thread 0x00000103e94e3150 Exception <a 'java/lang/reflect/InvocationTargetException'{0x00000000eafe78a0}> (0x00000000eafe78a0) 
thrown [s\src\hotspot\share\runtime\reflection.cpp, line 1121]
Event: 1.108 Thread 0x00000103e94e3150 Exception <a 'java/lang/ClassNotFoundException'{0x00000000eb870c40}: sun/net/www/protocol/c/Handler> (0x00000000eb870c40) 
thrown [s\src\hotspot\share\classfile\systemDictionary.cpp, line 256]
Event: 1.166 Thread 0x00000103e94e3150 Exception <a 'java/io/FileNotFoundException'{0x00000000eb88bbf0}> (0x00000000eb88bbf0) 
thrown [s\src\hotspot\share\prims\jni.cpp, line 516]
Event: 1.166 Thread 0x00000103e94e3150 Exception <a 'java/io/FileNotFoundException'{0x00000000eb88c938}> (0x00000000eb88c938) 
thrown [s\src\hotspot\share\prims\jni.cpp, line 516]
Event: 1.166 Thread 0x00000103e94e3150 Exception <a 'java/io/FileNotFoundException'{0x00000000eb88d660}> (0x00000000eb88d660) 
thrown [s\src\hotspot\share\prims\jni.cpp, line 516]
Event: 1.167 Thread 0x00000103e94e3150 Exception <a 'java/io/FileNotFoundException'{0x00000000eb88e358}> (0x00000000eb88e358) 
thrown [s\src\hotspot\share\prims\jni.cpp, line 516]
Event: 1.205 Thread 0x00000103e94e3150 Exception <a 'java/io/FileNotFoundException'{0x00000000eb8c7190}> (0x00000000eb8c7190) 
thrown [s\src\hotspot\share\prims\jni.cpp, line 516]
Event: 1.611 Thread 0x00000103e94e3150 Exception <a 'java/lang/ClassNotFoundException'{0x00000000ec0e6a48}: sun/net/www/protocol/c/Handler> (0x00000000ec0e6a48) 
thrown [s\src\hotspot\share\classfile\systemDictionary.cpp, line 256]
Event: 1.612 Thread 0x00000103e94e3150 Exception <a 'java/lang/ClassNotFoundException'{0x00000000ec0e7db8}: sun/net/www/protocol/c/Handler> (0x00000000ec0e7db8) 
thrown [s\src\hotspot\share\classfile\systemDictionary.cpp, line 256]
Event: 1.612 Thread 0x00000103e94e3150 Exception <a 'java/lang/ClassNotFoundException'{0x00000000ec0e8f80}: sun/net/www/protocol/c/Handler> (0x00000000ec0e8f80) 
thrown [s\src\hotspot\share\classfile\systemDictionary.cpp, line 256]
Event: 1.620 Thread 0x00000103e94e3150 Exception <a 'java/io/FileNotFoundException'{0x00000000ec1102e8}> (0x00000000ec1102e8) 
thrown [s\src\hotspot\share\prims\jni.cpp, line 516]
Event: 1.677 Thread 0x00000103e94e3150 Implicit null exception at 0x00000103f5495371 to 0x00000103f549556c
Event: 1.753 Thread 0x00000103e94e3150 Exception <a 'java/lang/NoSuchMethodError'{0x00000000ec3eba90}: 'int java.lang.invoke.DirectMethodHandle$Holder.invokeStaticInit(java.lang.Object, java.lang.Object, java.lang.Object, java.lang.Object)'> (0x00000000ec3eba90) 
thrown [s\src\hotspot\share\interpreter\linkResolver.cpp, line 759]
Event: 1.755 Thread 0x00000103e94e3150 Exception <a 'java/lang/NoSuchMethodError'{0x00000000ec3f6100}: 'java.lang.Object java.lang.invoke.DirectMethodHandle$Holder.invokeInterface(java.lang.Object, java.lang.Object)'> (0x00000000ec3f6100) 
thrown [s\src\hotspot\share\interpreter\linkResolver.cpp, line 759]
Event: 1.755 Thread 0x00000103e94e3150 Exception <a 'java/lang/IncompatibleClassChangeError'{0x00000000ec3f98f8}: Found class java.lang.Object, but interface was expected> (0x00000000ec3f98f8) 
thrown [s\src\hotspot\share\interpreter\linkResolver.cpp, line 826]
Event: 1.756 Thread 0x00000103e94e3150 Exception <a 'java/lang/NoSuchMethodError'{0x00000000ec3fdde8}: 'void java.lang.invoke.DirectMethodHandle$Holder.invokeStatic(java.lang.Object, java.lang.Object)'> (0x00000000ec3fdde8) 
thrown [s\src\hotspot\share\interpreter\linkResolver.cpp, line 759]
Event: 1.785 Thread 0x00000103e94e3150 Exception <a 'java/lang/NoSuchMethodError'{0x00000000eab01a98}: 'void java.lang.invoke.DirectMethodHandle$Holder.invokeStaticInit(java.lang.Object, java.lang.Object)'> (0x00000000eab01a98) 
thrown [s\src\hotspot\share\interpreter\linkResolver.cpp, line 759]
Event: 1.787 Thread 0x00000103e94e3150 Exception <a 'java/lang/NoSuchMethodError'{0x00000000eab08f88}: 'int java.lang.invoke.DirectMethodHandle$Holder.invokeStaticInit(java.lang.Object, java.lang.Object)'> (0x00000000eab08f88) 
thrown [s\src\hotspot\share\interpreter\linkResolver.cpp, line 759]
Event: 1.977 Thread 0x00000103e94e3150 Exception <a 'java/lang/NoSuchMethodError'{0x00000000eac57ec8}: 'void java.lang.invoke.DirectMethodHandle$Holder.invokeSpecial(java.lang.Object, java.lang.Object, java.lang.Object)'> (0x00000000eac57ec8) 
thrown [s\src\hotspot\share\interpreter\linkResolver.cpp, line 759]
Event: 2.404 Thread 0x00000103e94e3150 Exception <a 'java/lang/NoSuchMethodError'{0x00000000eba81628}: 'java.lang.Object java.lang.invoke.DirectMethodHandle$Holder.newInvokeSpecial(java.lang.Object, int, java.lang.Object)'> (0x00000000eba81628) 
thrown [s\src\hotspot\share\interpreter\linkResolver.cpp, line 759]

VM Operations (20 events):
Event: 0.449 Executing VM operation: HandshakeAllThreads
Event: 0.449 Executing VM operation: HandshakeAllThreads done
Event: 1.081 Executing VM operation: HandshakeAllThreads
Event: 1.081 Executing VM operation: HandshakeAllThreads done
Event: 1.098 Executing VM operation: HandshakeAllThreads
Event: 1.098 Executing VM operation: HandshakeAllThreads done
Event: 1.098 Executing VM operation: Cleanup
Event: 1.098 Executing VM operation: Cleanup done
Event: 1.756 Executing VM operation: ParallelGCFailedAllocation
Event: 1.784 Executing VM operation: ParallelGCFailedAllocation done
Event: 2.366 Executing VM operation: HandshakeAllThreads
Event: 2.366 Executing VM operation: HandshakeAllThreads done
Event: 2.367 Executing VM operation: HandshakeAllThreads
Event: 2.367 Executing VM operation: HandshakeAllThreads done
Event: 2.375 Executing VM operation: HandshakeAllThreads
Event: 2.375 Executing VM operation: HandshakeAllThreads done
Event: 2.397 Executing VM operation: HandshakeAllThreads
Event: 2.397 Executing VM operation: HandshakeAllThreads done
Event: 3.402 Executing VM operation: Cleanup
Event: 3.402 Executing VM operation: Cleanup done

Events (20 events):
Event: 2.459 loading class javax/xml/parsers/ParserConfigurationException
Event: 2.459 loading class javax/xml/parsers/ParserConfigurationException done
Event: 2.468 loading class java/security/KeyStoreException
Event: 2.468 loading class java/security/KeyStoreException done
Event: 2.473 loading class sun/security/x509/SubjectAlternativeNameExtension
Event: 2.473 loading class sun/security/x509/SubjectAlternativeNameExtension done
Event: 2.473 loading class sun/security/x509/RFC822Name
Event: 2.474 loading class sun/security/x509/RFC822Name done
Event: 2.497 loading class java/util/LinkedList$Node
Event: 2.497 loading class java/util/LinkedList$Node done
Event: 2.497 loading class java/util/LinkedList$ListItr
Event: 2.497 loading class java/util/LinkedList$ListItr done
Event: 2.526 loading class sun/nio/fs/WindowsChannelFactory
Event: 2.526 loading class sun/nio/fs/WindowsChannelFactory done
Event: 2.526 loading class sun/nio/fs/WindowsChannelFactory$1
Event: 2.526 loading class sun/nio/fs/WindowsChannelFactory$1 done
Event: 2.526 loading class sun/nio/fs/WindowsChannelFactory$Flags
Event: 2.526 loading class sun/nio/fs/WindowsChannelFactory$Flags done
Event: 2.526 loading class sun/nio/ch/FileChannelImpl$Closer
Event: 2.526 loading class sun/nio/ch/FileChannelImpl$Closer done


Dynamic libraries:
0x00007ff6df9e0000 - 0x00007ff6df9ee000 	c:\Users\lyosh\.vscode\extensions\redhat.java-1.33.0-win32-x64\jre\17.0.11-win32-x86_64\bin\java.exe
0x00007ffa919b0000 - 0x00007ffa91bc7000 	C:\Windows\SYSTEM32\ntdll.dll
0x00007ffa90a30000 - 0x00007ffa90af4000 	C:\Windows\System32\KERNEL32.DLL
0x00007ffa8ee50000 - 0x00007ffa8f1fd000 	C:\Windows\System32\KERNELBASE.dll
0x00007ffa8f450000 - 0x00007ffa8f561000 	C:\Windows\System32\ucrtbase.dll
0x00007ffa7c8c0000 - 0x00007ffa7c8d7000 	c:\Users\lyosh\.vscode\extensions\redhat.java-1.33.0-win32-x64\jre\17.0.11-win32-x86_64\bin\jli.dll
0x00007ffa71b30000 - 0x00007ffa71b4b000 	c:\Users\lyosh\.vscode\extensions\redhat.java-1.33.0-win32-x64\jre\17.0.11-win32-x86_64\bin\VCRUNTIME140.dll
0x00007ffa8ff70000 - 0x00007ffa9011e000 	C:\Windows\System32\USER32.dll
0x00007ffa79b20000 - 0x00007ffa79db3000 	C:\Windows\WinSxS\amd64_microsoft.windows.common-controls_6595b64144ccf1df_6.0.22621.3672_none_2713b9d173822955\COMCTL32.dll
0x00007ffa8ecd0000 - 0x00007ffa8ecf6000 	C:\Windows\System32\win32u.dll
0x00007ffa901a0000 - 0x00007ffa90247000 	C:\Windows\System32\msvcrt.dll
0x00007ffa90670000 - 0x00007ffa90699000 	C:\Windows\System32\GDI32.dll
0x00007ffa8ed00000 - 0x00007ffa8ee19000 	C:\Windows\System32\gdi32full.dll
0x00007ffa8f200000 - 0x00007ffa8f29a000 	C:\Windows\System32\msvcp_win.dll
0x00007ffa905b0000 - 0x00007ffa905e1000 	C:\Windows\System32\IMM32.DLL
0x00007ffa87fe0000 - 0x00007ffa87fec000 	c:\Users\lyosh\.vscode\extensions\redhat.java-1.33.0-win32-x64\jre\17.0.11-win32-x86_64\bin\vcruntime140_1.dll
0x00007ffa0c640000 - 0x00007ffa0c6cd000 	c:\Users\lyosh\.vscode\extensions\redhat.java-1.33.0-win32-x64\jre\17.0.11-win32-x86_64\bin\msvcp140.dll
0x00007ff9d96b0000 - 0x00007ff9da312000 	c:\Users\lyosh\.vscode\extensions\redhat.java-1.33.0-win32-x64\jre\17.0.11-win32-x86_64\bin\server\jvm.dll
0x00007ffa90c60000 - 0x00007ffa90d12000 	C:\Windows\System32\ADVAPI32.dll
0x00007ffa90d20000 - 0x00007ffa90dc9000 	C:\Windows\System32\sechost.dll
0x00007ffa8ee20000 - 0x00007ffa8ee48000 	C:\Windows\System32\bcrypt.dll
0x00007ffa91680000 - 0x00007ffa91794000 	C:\Windows\System32\RPCRT4.dll
0x00007ffa8db20000 - 0x00007ffa8db6d000 	C:\Windows\SYSTEM32\POWRPROF.dll
0x00007ffa87bf0000 - 0x00007ffa87bf9000 	C:\Windows\SYSTEM32\WSOCK32.dll
0x00007ffa90120000 - 0x00007ffa90191000 	C:\Windows\System32\WS2_32.dll
0x00007ffa87e50000 - 0x00007ffa87e84000 	C:\Windows\SYSTEM32\WINMM.dll
0x00007ffa8a710000 - 0x00007ffa8a71a000 	C:\Windows\SYSTEM32\VERSION.dll
0x00007ffa8db00000 - 0x00007ffa8db13000 	C:\Windows\SYSTEM32\UMPDC.dll
0x00007ffa8ddb0000 - 0x00007ffa8ddc8000 	C:\Windows\SYSTEM32\kernel.appcore.dll
0x00007ffa7d370000 - 0x00007ffa7d37a000 	c:\Users\lyosh\.vscode\extensions\redhat.java-1.33.0-win32-x64\jre\17.0.11-win32-x86_64\bin\jimage.dll
0x00007ffa8c090000 - 0x00007ffa8c2c2000 	C:\Windows\SYSTEM32\DBGHELP.DLL
0x00007ffa906a0000 - 0x00007ffa90a2d000 	C:\Windows\System32\combase.dll
0x00007ffa91030000 - 0x00007ffa91107000 	C:\Windows\System32\OLEAUT32.dll
0x00007ffa6d0d0000 - 0x00007ffa6d102000 	C:\Windows\SYSTEM32\dbgcore.DLL
0x00007ffa8f2a0000 - 0x00007ffa8f31b000 	C:\Windows\System32\bcryptPrimitives.dll
0x00007ffa7d2e0000 - 0x00007ffa7d2ee000 	c:\Users\lyosh\.vscode\extensions\redhat.java-1.33.0-win32-x64\jre\17.0.11-win32-x86_64\bin\instrument.dll
0x00007ffa5ac10000 - 0x00007ffa5ac35000 	c:\Users\lyosh\.vscode\extensions\redhat.java-1.33.0-win32-x64\jre\17.0.11-win32-x86_64\bin\java.dll
0x00007ffa71990000 - 0x00007ffa719a8000 	c:\Users\lyosh\.vscode\extensions\redhat.java-1.33.0-win32-x64\jre\17.0.11-win32-x86_64\bin\zip.dll
0x00007ffa8f6f0000 - 0x00007ffa8ff58000 	C:\Windows\System32\SHELL32.dll
0x00007ffa8cbe0000 - 0x00007ffa8d4de000 	C:\Windows\SYSTEM32\windows.storage.dll
0x00007ffa8caa0000 - 0x00007ffa8cbdf000 	C:\Windows\SYSTEM32\wintypes.dll
0x00007ffa90b60000 - 0x00007ffa90c59000 	C:\Windows\System32\SHCORE.dll
0x00007ffa911a0000 - 0x00007ffa911fe000 	C:\Windows\System32\shlwapi.dll
0x00007ffa8ec00000 - 0x00007ffa8ec21000 	C:\Windows\SYSTEM32\profapi.dll
0x00007ffa6fb40000 - 0x00007ffa6fb59000 	C:\Users\lyosh\.vscode\extensions\redhat.java-1.33.0-win32-x64\jre\17.0.11-win32-x86_64\bin\net.dll
0x00007ffa8b490000 - 0x00007ffa8b5c6000 	C:\Windows\SYSTEM32\WINHTTP.dll
0x00007ffa8e220000 - 0x00007ffa8e289000 	C:\Windows\system32\mswsock.dll
0x00007ffa6d160000 - 0x00007ffa6d176000 	C:\Users\lyosh\.vscode\extensions\redhat.java-1.33.0-win32-x64\jre\17.0.11-win32-x86_64\bin\nio.dll
0x00007ffa7d170000 - 0x00007ffa7d180000 	c:\Users\lyosh\.vscode\extensions\redhat.java-1.33.0-win32-x64\jre\17.0.11-win32-x86_64\bin\verify.dll

dbghelp: loaded successfully - version: 4.0.5 - missing functions: none
symbol engine: initialized successfully - sym options: 0x614 - pdb path: .;c:\Users\lyosh\.vscode\extensions\redhat.java-1.33.0-win32-x64\jre\17.0.11-win32-x86_64\bin;C:\Windows\SYSTEM32;C:\Windows\WinSxS\amd64_microsoft.windows.common-controls_6595b64144ccf1df_6.0.22621.3672_none_2713b9d173822955;c:\Users\lyosh\.vscode\extensions\redhat.java-1.33.0-win32-x64\jre\17.0.11-win32-x86_64\bin\server

VM Arguments:
jvm_args: --add-modules=ALL-SYSTEM --add-opens=java.base/java.util=ALL-UNNAMED --add-opens=java.base/java.lang=ALL-UNNAMED --add-opens=java.base/sun.nio.fs=ALL-UNNAMED -Declipse.application=org.eclipse.jdt.ls.core.id1 -Dosgi.bundles.defaultStartLevel=4 -Declipse.product=org.eclipse.jdt.ls.core.product -Djava.import.generatesMetadataFilesAtProjectRoot=false -DDetectVMInstallationsJob.disabled=true -Dfile.encoding=utf8 -XX:+UseParallelGC -XX:GCTimeRatio=4 -XX:AdaptiveSizePolicyWeight=90 -Dsun.zip.disableMemoryMapping=true -Xmx1G -Xms100m -Xlog:disable -javaagent:c:\Users\lyosh\.vscode\extensions\redhat.java-1.33.0-win32-x64\lombok\lombok-1.18.33.jar -XX:+HeapDumpOnOutOfMemoryError -XX:HeapDumpPath=c:\Users\lyosh\AppData\Roaming\Code\User\workspaceStorage\9ae529f7922525ee11f4f1f325ca8c05\redhat.java -Daether.dependencyCollector.impl=bf 
java_command: c:\Users\lyosh\.vscode\extensions\redhat.java-1.33.0-win32-x64\server\plugins\org.eclipse.equinox.launcher_1.6.900.v20240613-2009.jar -configuration c:\Users\lyosh\AppData\Roaming\Code\User\globalStorage\redhat.java\1.33.0\config_win -data c:\Users\lyosh\AppData\Roaming\Code\User\workspaceStorage\9ae529f7922525ee11f4f1f325ca8c05\redhat.java\jdt_ws --pipe=\\.\pipe\lsp-478f5d1acdc7fbba85fa11b43ffbffd6-sock
java_class_path (initial): c:\Users\lyosh\.vscode\extensions\redhat.java-1.33.0-win32-x64\server\plugins\org.eclipse.equinox.launcher_1.6.900.v20240613-2009.jar
Launcher Type: SUN_STANDARD

[Global flags]
    uintx AdaptiveSizePolicyWeight                 = 90                                        {product} {command line}
     intx CICompilerCount                          = 4                                         {product} {ergonomic}
    uintx GCTimeRatio                              = 4                                         {product} {command line}
     bool HeapDumpOnOutOfMemoryError               = true                                   {manageable} {command line}
    ccstr HeapDumpPath                             = c:\Users\lyosh\AppData\Roaming\Code\User\workspaceStorage\9ae529f7922525ee11f4f1f325ca8c05\redhat.java         {manageable} {command line}
   size_t InitialHeapSize                          = 104857600                                 {product} {command line}
   size_t MaxHeapSize                              = 1073741824                                {product} {command line}
   size_t MaxNewSize                               = 357564416                                 {product} {ergonomic}
   size_t MinHeapDeltaBytes                        = 524288                                    {product} {ergonomic}
   size_t MinHeapSize                              = 104857600                                 {product} {command line}
   size_t NewSize                                  = 34603008                                  {product} {ergonomic}
    uintx NonNMethodCodeHeapSize                   = 5839372                                {pd product} {ergonomic}
    uintx NonProfiledCodeHeapSize                  = 122909434                              {pd product} {ergonomic}
   size_t OldSize                                  = 70254592                                  {product} {ergonomic}
    uintx ProfiledCodeHeapSize                     = 122909434                              {pd product} {ergonomic}
    uintx ReservedCodeCacheSize                    = 251658240                              {pd product} {ergonomic}
     bool SegmentedCodeCache                       = true                                      {product} {ergonomic}
   size_t SoftMaxHeapSize                          = 1073741824                             {manageable} {ergonomic}
     bool UseCompressedClassPointers               = true                           {product lp64_product} {ergonomic}
     bool UseCompressedOops                        = true                           {product lp64_product} {ergonomic}
     bool UseLargePagesIndividualAllocation        = false                                  {pd product} {ergonomic}
     bool UseParallelGC                            = true                                      {product} {command line}

Logging:
Log output configuration:
 #0: stdout all=off uptime,level,tags
 #1: stderr all=off uptime,level,tags

Environment Variables:
JAVA_HOME=C:\Program Files\Java\jdk-22
PATH=C:\Program Files\Common Files\Oracle\Java\javapath;C:\Program Files (x86)\Common Files\Oracle\Java\java8path;C:\Program Files (x86)\Common Files\Oracle\Java\javapath;C:\Windows\system32;C:\Windows;C:\Windows\System32\Wbem;C:\Windows\System32\WindowsPowerShell\v1.0\;C:\Windows\System32\OpenSSH\;C:\Program Files\NVIDIA Corporation\NVIDIA NvDLISR;C:\Program Files (x86)\NVIDIA Corporation\PhysX\Common;C:\Program Files\Git\cmd;C:\Program Files (x86)\Yarn\bin\;C:\Program Files\Docker\Docker\resources\bin;%JAVA_HOME%\bin;C:\Program Files\MySQL\MySQL Server 8.0\bin;C:\Program Files\nodejs\;C:\Program Files\MySQL\MySQL Shell 8.0\bin\;C:\Users\lyosh\.console-ninja\.bin;C:\Users\lyosh\AppData\Local\Microsoft\WindowsApps;C:\Users\lyosh\AppData\Local\Programs\Microsoft VS Code\bin;C:\Users\lyosh\AppData\Local\Yarn\bin;C:\MinGW\bin;C:\Users\lyosh\AppData\Local\GitHubDesktop\bin;C:\Users\lyosh\AppData\Roaming\npm
USERNAME=lyosh
OS=Windows_NT
PROCESSOR_IDENTIFIER=Intel64 Family 6 Model 165 Stepping 2, GenuineIntel
TMP=C:\Users\lyosh\AppData\Local\Temp
TEMP=C:\Users\lyosh\AppData\Local\Temp



Periodic native trim disabled


---------------  S Y S T E M  ---------------

OS:
 Windows 11 , 64 bit Build 22621 (10.0.22621.3958)
OS uptime: 0 days 5:09 hours
Hyper-V role detected

CPU: total 8 (initial active 8) (4 cores per cpu, 2 threads per core) family 6 model 165 stepping 2 microcode 0xec, cx8, cmov, fxsr, ht, mmx, 3dnowpref, sse, sse2, sse3, ssse3, sse4.1, sse4.2, popcnt, lzcnt, tsc, tscinvbit, avx, avx2, aes, erms, clmul, bmi1, bmi2, adx, fma, vzeroupper, clflush, clflushopt, hv
Processor Information for all 8 processors :
  Max Mhz: 2496, Current Mhz: 2496, Mhz Limit: 2496

Memory: 4k page, system-wide physical 8059M (48M free)
TotalPageFile size 14850M (AvailPageFile size 0M)
current process WorkingSet (physical memory assigned to process): 82M, peak: 83M
current process commit charge ("private bytes"): 203M, peak: 205M

vm_info: OpenJDK 64-Bit Server VM (17.0.11+9) for windows-amd64 JRE (17.0.11+9), built on Apr 17 2024 06:07:48 by "admin" with MS VC++ 16.10 / 16.11 (VS2019)

END.
